[2026-07-11 09:41:52,650] multiqc                                            [DEBUG  ]  This is MultiQC v1.19
[2026-07-11 09:41:52,650] multiqc                                            [DEBUG  ]  Command used: /home/mbdusr/anaconda3/envs/rnaseq/bin/multiqc results/fastqc_raw -o results/multiqc_raw
[2026-07-11 09:41:53,906] multiqc                                            [WARNING]  MultiQC Version v1.35 now available!
[2026-07-11 09:41:53,906] multiqc                                            [DEBUG  ]  Working dir : /home/mbdusr/rnaseq_project
[2026-07-11 09:41:53,907] multiqc                                            [DEBUG  ]  Template    : default
[2026-07-11 09:41:53,907] multiqc                                            [DEBUG  ]  Running Python 3.10.20 | packaged by conda-forge | (main, Jun 11 2026, 03:31:56) [GCC 14.3.0]
[2026-07-11 09:41:53,907] multiqc                                            [DEBUG  ]  Analysing modules: custom_content, ccs, ngsderive, purple, conpair, lima, peddy, somalier, methylQA, mosdepth, phantompeakqualtools, qualimap, preseq, hifiasm, quast, qorts, rna_seqc, rockhopper, rsem, rseqc, busco, bustools, goleft_indexcov, gffcompare, disambiguate, supernova, deeptools, sargasso, verifybamid, mirtrace, happy, mirtop, sambamba, gopeaks, homer, hops, macs2, theta2, snpeff, gatk, htseq, bcftools, featureCounts, fgbio, dragen, dragen_fastqc, dedup, pbmarkdup, damageprofiler, mapdamage, biobambam2, jcvi, mtnucratio, picard, vep, bakta, prokka, qc3C, nanostat, samblaster, samtools, sexdeterrmine, seqera_cli, eigenstratdatabasetools, bamtools, jellyfish, vcftools, longranger, stacks, varscan2, snippy, umitools, truvari, bbmap, bismark, biscuit, diamond, hicexplorer, hicup, hicpro, salmon, kallisto, slamdunk, star, hisat2, tophat, bowtie2, bowtie1, cellranger, snpsplit, odgi, pangolin, nextclade, freyja, humid, kat, leehom, librarian, adapterRemoval, bbduk, clipandmerge, cutadapt, flexbar, sourmash, kaiju, bracken, kraken, malt, motus, trimmomatic, sickle, skewer, sortmerna, biobloomtools, fastq_screen, afterqc, fastp, fastqc, filtlong, prinseqplusplus, pychopper, porechop, pycoqc, minionqc, anglerfish, multivcfanalyzer, clusterflow, checkqc, bcl2fastq, bclconvert, interop, ivar, flash, seqyclean, optitype, whatshap, xenome, xengsort
[2026-07-11 09:41:53,907] multiqc                                            [DEBUG  ]  Using temporary directory for creating report: /tmp/tmppfn1n50i
[2026-07-11 09:41:53,911] multiqc                                            [INFO   ]  Search path : /home/mbdusr/rnaseq_project/results/fastqc_raw
[2026-07-11 09:41:54,094] multiqc                                            [DEBUG  ]  Summary of files that were skipped by the search: [skipped_module_specific_max_filesize: 312] // [skipped_no_match: 24]
[2026-07-11 09:41:54,305] multiqc.plots.bargraph                             [DEBUG  ]  Using matplotlib version 3.9.2
[2026-07-11 09:41:54,305] multiqc.plots.linegraph                            [DEBUG  ]  Using matplotlib version 3.9.2
[2026-07-11 09:41:54,306] multiqc                                            [DEBUG  ]  No samples found: custom_content
[2026-07-11 09:41:54,868] multiqc.modules.fastqc.fastqc                      [INFO   ]  Found 24 reports
[2026-07-11 09:41:54,890] multiqc.utils.software_versions                    [DEBUG  ]  Reading software versions from config.software_versions
[2026-07-11 09:41:54,899] multiqc                                            [DEBUG  ]  Compressing plot data
[2026-07-11 09:41:55,053] multiqc                                            [INFO   ]  Report      : results/multiqc_raw/multiqc_report.html
[2026-07-11 09:41:55,053] multiqc                                            [INFO   ]  Data        : results/multiqc_raw/multiqc_data
[2026-07-11 09:41:55,053] multiqc                                            [DEBUG  ]  Moving data file from '/tmp/tmppfn1n50i/multiqc_data' to 'results/multiqc_raw/multiqc_data'
[2026-07-11 09:41:55,054] multiqc                                            [DEBUG  ]  Full report path: /home/mbdusr/rnaseq_project/results/multiqc_raw/multiqc_report.html
[2026-07-11 09:41:55,091] multiqc                                            [INFO   ]  MultiQC complete
